<?xml version="1.0" encoding="UTF-8"?>
<!-- Generated by org.testng.reporters.JUnitXMLReporter -->
<testsuite hostname="LAPTOP-NJFUNEJK" ignored="3" name="Test" tests="2" failures="0" timestamp="2021-11-25T00:12:01 IST" time="62.233" errors="0">
  <testcase name="validateLoginUsingTestNGDataProvider" time="0.006" classname="com.testcases.LoginPageTest"/>
  <testcase name="validateLoginUsingTestNGDataProvider" time="0.002" classname="com.testcases.LoginPageTest"/>
  <testcase name="validateLoginTestUsingParameters" time="0.0" classname="com.testcases.LoginPageTest">
    <ignored/>
  </testcase> <!-- validateLoginTestUsingParameters -->
  <testcase name="validateTitleTest" time="0.0" classname="com.testcases.LoginPageTest">
    <ignored/>
  </testcase> <!-- validateTitleTest -->
  <testcase name="validateLoginTest" time="0.0" classname="com.testcases.LoginPageTest">
    <ignored/>
  </testcase> <!-- validateLoginTest -->
</testsuite> <!-- Test -->
